e:\code_in_test\sm4cuda256m-v2\sm4cuda\sm4cuda\x64\debug\vc141.pdb
e:\code_in_test\sm4cuda256m-v2\sm4cuda\sm4cuda\x64\debug\vc141.idb
e:\code_in_test\sm4cuda256m-v2\sm4cuda\sm4cuda\x64\debug\main.obj
e:\code_in_test\sm4cuda256m-v2\sm4cuda\x64\debug\sm4cuda.ilk
e:\code_in_test\sm4cuda256m-v2\sm4cuda\x64\debug\sm4cuda.exe
e:\code_in_test\sm4cuda256m-v2\sm4cuda\x64\debug\sm4cuda.pdb
e:\code_in_test\sm4cuda256m-v2\sm4cuda\x64\debug\sm4cuda.lib
e:\code_in_test\sm4cuda256m-v2\sm4cuda\x64\debug\sm4cuda.exp
e:\code_in_test\sm4cuda256m-v3-带认证版本\sm4cuda\sm4cuda\x64\debug\sm4cuda.cu.cache
e:\code_in_test\sm4cuda256m-v3-带认证版本\sm4cuda\sm4cuda\x64\debug\main.obj
e:\code_in_test\sm4cuda256m-v3-带认证版本\sm4cuda\sm4cuda\x64\debug\sm4cuda.cu.obj
e:\code_in_test\sm4cuda256m-v3-带认证版本\sm4cuda\sm4cuda\x64\debug\vc141.idb
e:\code_in_test\sm4cuda256m-v3-带认证版本\sm4cuda\sm4cuda\x64\debug\vc141.pdb
e:\code_in_test\sm4cuda256m-v3-带认证版本\sm4cuda\x64\debug\sm4cuda.pdb
e:\code_in_test\sm4cuda256m-v3-带认证版本\sm4cuda\x64\debug\sm4cuda.exe
e:\code_in_test\sm4cuda256m-v3-带认证版本\sm4cuda\x64\debug\sm4cuda.ilk
e:\code_in_test\sm4cuda256m-v3-带认证版本\sm4cuda\sm4cuda\x64\debug\sm4cuda.tlog\cl.command.1.tlog
e:\code_in_test\sm4cuda256m-v3-带认证版本\sm4cuda\sm4cuda\x64\debug\sm4cuda.tlog\cl.read.1.tlog
e:\code_in_test\sm4cuda256m-v3-带认证版本\sm4cuda\sm4cuda\x64\debug\sm4cuda.tlog\cl.write.1.tlog
e:\code_in_test\sm4cuda256m-v3-带认证版本\sm4cuda\sm4cuda\x64\debug\sm4cuda.tlog\link.command.1.tlog
e:\code_in_test\sm4cuda256m-v3-带认证版本\sm4cuda\sm4cuda\x64\debug\sm4cuda.tlog\link.read.1.tlog
e:\code_in_test\sm4cuda256m-v3-带认证版本\sm4cuda\sm4cuda\x64\debug\sm4cuda.tlog\link.write.1.tlog
e:\code_in_test\sm4cuda256m-v3-带认证版本\sm4cuda\sm4cuda\x64\debug\sm4cuda.tlog\sm4cuda.write.1u.tlog
